
Clover Installer r5122 (f4e10b1a2) (installer library v1.1.6), 2020-10-10 07:13:27
macOS Versión 10.14.6 (Fase 18G103)
SELF = /Applications/Clover.app/Contents/MacOS/CloverDaemonNew
Target volume: /Volumes/EFI
BSD Name:      disk1s1
Filesystem:    FAT32
Is internal:   true
Is writable:   true
Installation type: UEFI

/dev/disk0 (internal, physical):
   #:                       TYPE NAME                    SIZE       IDENTIFIER
   0:     FDisk_partition_scheme                        *1.0 TB     disk0
   1:               Windows_NTFS Disco X                 1.0 TB     disk0s1

/dev/disk1 (internal, physical):
   #:                       TYPE NAME                    SIZE       IDENTIFIER
   0:      GUID_partition_scheme                        *1.0 TB     disk1
   1:                        EFI EFI                     209.7 MB   disk1s1
   2:                 Apple_APFS Container disk2         1.0 TB     disk1s2

/dev/disk2 (synthesized):
   #:                       TYPE NAME                    SIZE       IDENTIFIER
   0:      APFS Container Scheme -                      +1.0 TB     disk2
                                 Physical Store disk1s2
   1:                APFS Volume macOS                   16.2 GB    disk2s1
   2:                APFS Volume Preboot                 45.6 MB    disk2s2
   3:                APFS Volume Recovery                507.4 MB   disk2s3
   4:                APFS Volume VM                      1.1 GB     disk2s4

/dev/disk3 (external, physical):
   #:                       TYPE NAME                    SIZE       IDENTIFIER
   0:      GUID_partition_scheme                        *1.0 TB     disk3
   1:                        EFI EFI                     209.7 MB   disk3s1
   2:                 Apple_APFS Container disk4         1.0 TB     disk3s2

/dev/disk4 (synthesized):
   #:                       TYPE NAME                    SIZE       IDENTIFIER
   0:      APFS Container Scheme -                      +1.0 TB     disk4
                                 Physical Store disk3s2
   1:                APFS Volume macOS1                  58.8 GB    disk4s1
   2:                APFS Volume Preboot                 45.7 MB    disk4s2
   3:                APFS Volume Recovery                507.5 MB   disk4s3
   4:                APFS Volume VM                      20.5 KB    disk4s4




Installing/Updating Clover:
+ ../BOOT/BOOTX64.efi
+ ../CLOVER/CLOVERX64.efi

Installing/Updating drivers:
+ ../UEFI/AudioDxe.efi
+ ../UEFI/DataHubDxe.efi
+ ../UEFI/FSInject.efi
+ ../UEFI/SMCHelper.efi
+ ../UEFI/ApfsDriverLoader.efi
+ ../UEFI/Fat.efi
+ ../UEFI/VBoxExt2.efi
+ ../UEFI/VBoxExt4.efi
+ ../UEFI/VBoxHfs.efi
+ ../UEFI/VBoxIso9600.efi
+ ../UEFI/AppleImageCodec.efi
+ ../UEFI/AppleUITheme.efi
+ ../UEFI/AptioInputFix.efi
+ ../UEFI/Ps2MouseDxe.efi
+ ../UEFI/UsbKbDxe.efi
+ ../UEFI/UsbMouseDxe.efi
+ ../UEFI/AptioMemoryFix.efi
+ ../UEFI/EmuVariableUefi.efi

Installing/Updating tools:
+ ../tools/Shell64.efi
+ ../tools/bdmesg.efi
+ ../tools/Shell64U.efi
+ ../tools/Shell32.efi

Installing/Updating docs:
+ ../doc/UEFI boot with Clover.rtf
+ ../doc/boot1f32-install.sh
+ ../doc/HowToInstallOSX.txt
+ ../doc/HowToFixDsdt.txt
+ ../doc/bcfg.txt
+ ../CLOVER/config.plist

Installing Theme "Clovy":
+ ../themes/Clovy